<?xml version="1.0" encoding="UTF-8"?>
<!-- Generated by org.testng.reporters.JUnitReportReporter -->
<testsuite hostname="SAG-FX9ZWL3" failures="0" tests="1" name="cucumberOptions.TestNgTestRunner" time="10.280" errors="0" timestamp="2024-08-24T11:44:09 IST" skipped="0">
  <testcase classname="cucumberOptions.TestNgTestRunner" name="runScenario" time="10.280"/>
</testsuite> <!-- cucumberOptions.TestNgTestRunner -->
